<?xml version="1.0" encoding="UTF-8"?>
<!-- Generated by org.testng.reporters.JUnitReportReporter -->
<testsuite hostname="MORGAN-QA7L" failures="0" tests="5" name="com.testng.TestNGAnnotations" time="0.007" errors="0" timestamp="2023-08-07T18:49:40 IST" skipped="2">
  <testcase classname="com.testng.TestNGAnnotations" name="purchase2" time="0.004"/>
  <system-out/>
  <testcase classname="com.testng.TestNGAnnotations" name="signIn" time="0.002"/>
  <system-out/>
  <testcase classname="com.testng.TestNGAnnotations" name="registeredUser" time="0.001"/>
  <system-out/>
  <testcase classname="com.testng.TestNGAnnotations" name="purchase3">
    <skipped/>
  </testcase> <!-- purchase3 -->
  <system-out/>
  <testcase classname="com.testng.TestNGAnnotations" name="purchase">
    <skipped/>
  </testcase> <!-- purchase -->
  <system-out/>
</testsuite> <!-- com.testng.TestNGAnnotations -->
